<?xml version="1.0" encoding="UTF-8"?>
<!-- Generated by org.testng.reporters.JUnitReportReporter -->
<testsuite skipped="0" hostname="DESKTOP-FTEE5V5" name="Autotest.Khaddi.RegistrationTest" tests="1" failures="0" timestamp="03 Apr 2019 10:34:54 GMT" time="242.696" errors="0">
  <testcase name="f" time="242.696" classname="Autotest.Khaddi.RegistrationTest"/>
</testsuite> <!-- Autotest.Khaddi.RegistrationTest -->
